{"/Users/yefeitang/Documents/toys/webpack-seed/lib/webpack.base.js":{"path":"/Users/yefeitang/Documents/toys/webpack-seed/lib/webpack.base.js","s":{"1":1,"2":1,"3":1,"4":1,"5":1,"6":1,"7":1,"8":1,"9":1,"10":1,"11":1,"12":1,"13":1,"14":1,"15":1,"16":1,"17":1,"18":1,"19":1,"20":1,"21":1,"22":1,"23":0,"24":0,"25":0},"b":{"1":[1,1],"2":[0,0],"3":[0,0,0]},"f":{"1":1,"2":0},"fnMap":{"1":{"name":"setMPA","line":11,"loc":{"start":{"line":11,"column":0},"end":{"line":11,"column":18}}},"2":{"name":"done","line":70,"loc":{"start":{"line":70,"column":4},"end":{"line":70,"column":20}}}},"statementMap":{"1":{"start":{"line":1,"column":0},"end":{"line":1,"column":29}},"2":{"start":{"line":2,"column":0},"end":{"line":2,"column":29}},"3":{"start":{"line":3,"column":0},"end":{"line":3,"column":45}},"4":{"start":{"line":4,"column":0},"end":{"line":4,"column":57}},"5":{"start":{"line":5,"column":0},"end":{"line":5,"column":63}},"6":{"start":{"line":6,"column":0},"end":{"line":6,"column":78}},"7":{"start":{"line":7,"column":0},"end":{"line":7,"column":64}},"8":{"start":{"line":9,"column":0},"end":{"line":9,"column":34}},"9":{"start":{"line":11,"column":0},"end":{"line":43,"column":1}},"10":{"start":{"line":12,"column":2},"end":{"line":12,"column":19}},"11":{"start":{"line":13,"column":2},"end":{"line":13,"column":32}},"12":{"start":{"line":15,"column":2},"end":{"line":15,"column":73}},"13":{"start":{"line":19,"column":2},"end":{"line":41,"column":5}},"14":{"start":{"line":20,"column":4},"end":{"line":20,"column":40}},"15":{"start":{"line":21,"column":4},"end":{"line":21,"column":59}},"16":{"start":{"line":22,"column":4},"end":{"line":22,"column":39}},"17":{"start":{"line":23,"column":4},"end":{"line":23,"column":32}},"18":{"start":{"line":25,"column":4},"end":{"line":25,"column":25}},"19":{"start":{"line":27,"column":4},"end":{"line":40,"column":8}},"20":{"start":{"line":42,"column":2},"end":{"line":42,"column":39}},"21":{"start":{"line":45,"column":0},"end":{"line":45,"column":47}},"22":{"start":{"line":47,"column":0},"end":{"line":79,"column":2}},"23":{"start":{"line":71,"column":6},"end":{"line":75,"column":9}},"24":{"start":{"line":72,"column":8},"end":{"line":74,"column":9}},"25":{"start":{"line":73,"column":10},"end":{"line":73,"column":26}}},"branchMap":{"1":{"line":22,"type":"binary-expr","locations":[{"start":{"line":22,"column":21},"end":{"line":22,"column":26}},{"start":{"line":22,"column":30},"end":{"line":22,"column":38}}]},"2":{"line":72,"type":"if","locations":[{"start":{"line":72,"column":8},"end":{"line":72,"column":8}},{"start":{"line":72,"column":8},"end":{"line":72,"column":8}}]},"3":{"line":72,"type":"binary-expr","locations":[{"start":{"line":72,"column":12},"end":{"line":72,"column":36}},{"start":{"line":72,"column":40},"end":{"line":72,"column":71}},{"start":{"line":72,"column":75},"end":{"line":72,"column":105}}]}}}}